<?xml version="1.0" encoding="UTF-8"?>
<!-- Generated by org.testng.reporters.JUnitReportReporter -->
<testsuite skipped="0" hostname="DESKTOP-HPR1PJ6" name="com.inetbanking.testCases.TC_AddCustomerTest_003" tests="1" failures="0" timestamp="24 Jan 2023 14:13:52 GMT" time="28.211" errors="0">
  <testcase name="addNewCustomer" time="28.211" classname="com.inetbanking.testCases.TC_AddCustomerTest_003"/>
</testsuite> <!-- com.inetbanking.testCases.TC_AddCustomerTest_003 -->
