<?xml version="1.0" encoding="UTF-8"?>
<!-- Generated by org.testng.reporters.JUnitReportReporter -->
<testsuite skipped="0" hostname="DESKTOP-HPR1PJ6" name="com.inetbanking.testCases.TC_AddCustomerTest_003" tests="1" failures="0" timestamp="24 Jan 2023 14:10:14 GMT" time="26.942" errors="0">
  <testcase name="addNewCustomer" time="26.942" classname="com.inetbanking.testCases.TC_AddCustomerTest_003"/>
</testsuite> <!-- com.inetbanking.testCases.TC_AddCustomerTest_003 -->
