<?xml version="1.0" encoding="UTF-8"?>
<!-- Generated by org.testng.reporters.JUnitReportReporter -->
<testsuite skipped="0" hostname="DESKTOP-HPR1PJ6" name="com.inetbanking.testCases.TC_LoginTest_001" tests="1" failures="0" timestamp="24 Jan 2023 14:10:14 GMT" time="29.015" errors="0">
  <testcase name="loginTest" time="29.015" classname="com.inetbanking.testCases.TC_LoginTest_001"/>
</testsuite> <!-- com.inetbanking.testCases.TC_LoginTest_001 -->
